<?xml version="1.0" encoding="UTF-8"?>
<testsuite name="com.selenium.testcases.tests.LoginSearchAndLogoutTest" tests="4" skipped="0" failures="0" errors="0" timestamp="2020-07-29T05:57:29" hostname="DESKTOP-NEFO1G7" time="70.267">
  <properties/>
  <testcase name="testLoginPage" classname="com.selenium.testcases.tests.LoginSearchAndLogoutTest" time="3.792"/>
  <testcase name="testLoginUsernamePage" classname="com.selenium.testcases.tests.LoginSearchAndLogoutTest" time="25.399"/>
  <testcase name="testSearchFunction" classname="com.selenium.testcases.tests.LoginSearchAndLogoutTest" time="12.14"/>
  <testcase name="testLogout" classname="com.selenium.testcases.tests.LoginSearchAndLogoutTest" time="28.915"/>
  <system-out><![CDATA[Jonsnow@123
]]></system-out>
  <system-err><![CDATA[]]></system-err>
</testsuite>
